<?xml version="1.0" encoding="UTF-8"?>
<!-- Generated by org.testng.reporters.JUnitReportReporter -->
<testsuite skipped="0" hostname="Sudhir-PC" name="com.crm.qa.testcases.LandingPageTest" tests="3" failures="0" timestamp="28 Oct 2019 09:44:27 GMT" time="126.717" errors="0">
  <testcase name="titleHomeTest" time="33.282" classname="com.crm.qa.testcases.LandingPageTest"/>
  <testcase name="loginBtnTest" time="61.429" classname="com.crm.qa.testcases.LandingPageTest"/>
  <testcase name="signUpBtnTest" time="32.006" classname="com.crm.qa.testcases.LandingPageTest"/>
</testsuite> <!-- com.crm.qa.testcases.LandingPageTest -->
