<?xml version="1.0" encoding="UTF-8"?>
<!-- Generated by org.testng.reporters.JUnitReportReporter -->
<testsuite skipped="0" hostname="Sudhir-PC" name="com.crm.qa.testcases.ContactsPageTest" tests="5" failures="0" timestamp="28 Oct 2019 12:47:30 GMT" time="174.410" errors="0">
  <testcase name="verifyTitleTest" time="31.452" classname="com.crm.qa.testcases.ContactsPageTest"/>
  <testcase name="verifyCorrectUserTest" time="31.630" classname="com.crm.qa.testcases.ContactsPageTest"/>
  <testcase name="createNewContactTest" time="39.735" classname="com.crm.qa.testcases.ContactsPageTest"/>
  <testcase name="createNewContactTest" time="35.420" classname="com.crm.qa.testcases.ContactsPageTest"/>
  <testcase name="createNewContactTest" time="36.173" classname="com.crm.qa.testcases.ContactsPageTest"/>
</testsuite> <!-- com.crm.qa.testcases.ContactsPageTest -->
