<?xml version="1.0" encoding="UTF-8"?>
<!-- Generated by org.testng.reporters.JUnitReportReporter -->
<testsuite skipped="0" hostname="Sudhir-PC" name="com.crm.qa.testcases.LoginPageTest" tests="2" failures="0" timestamp="28 Oct 2019 09:44:27 GMT" time="120.164" errors="0">
  <testcase name="titleLoginTest" time="59.547" classname="com.crm.qa.testcases.LoginPageTest"/>
  <testcase name="loginTest" time="60.617" classname="com.crm.qa.testcases.LoginPageTest"/>
</testsuite> <!-- com.crm.qa.testcases.LoginPageTest -->
